[2025-11-03 20:14:13] [INFO] [sqlalchemy.engine.Engine] [base.py:1846:_execute_context] select pg_catalog.version()
[2025-11-03 20:14:13] [INFO] [sqlalchemy.engine.Engine] [base.py:1846:_execute_context] [raw sql] {}
[2025-11-03 20:14:13] [INFO] [sqlalchemy.engine.Engine] [base.py:1846:_execute_context] select current_schema()
[2025-11-03 20:14:13] [INFO] [sqlalchemy.engine.Engine] [base.py:1846:_execute_context] [raw sql] {}
[2025-11-03 20:14:13] [INFO] [sqlalchemy.engine.Engine] [base.py:1846:_execute_context] show standard_conforming_strings
[2025-11-03 20:14:13] [INFO] [sqlalchemy.engine.Engine] [base.py:1846:_execute_context] [raw sql] {}
[2025-11-03 20:14:13] [INFO] [sqlalchemy.engine.Engine] [base.py:2702:_connection_begin_impl] BEGIN (implicit)
[2025-11-03 20:14:13] [INFO] [sqlalchemy.engine.Engine] [base.py:1846:_execute_context] SELECT pg_catalog.pg_class.relname 
FROM pg_catalog.pg_class JOIN pg_catalog.pg_namespace ON pg_catalog.pg_namespace.oid = pg_catalog.pg_class.relnamespace 
WHERE pg_catalog.pg_class.relname = %(table_name)s AND pg_catalog.pg_class.relkind = ANY (ARRAY[%(param_1)s, %(param_2)s, %(param_3)s, %(param_4)s, %(param_5)s]) AND pg_catalog.pg_table_is_visible(pg_catalog.pg_class.oid) AND pg_catalog.pg_namespace.nspname != %(nspname_1)s
[2025-11-03 20:14:13] [INFO] [sqlalchemy.engine.Engine] [base.py:1846:_execute_context] [generated in 0.00040s] {'table_name': 'stock', 'param_1': 'r', 'param_2': 'p', 'param_3': 'f', 'param_4': 'v', 'param_5': 'm', 'nspname_1': 'pg_catalog'}
[2025-11-03 20:14:13] [INFO] [sqlalchemy.engine.Engine] [base.py:1846:_execute_context] SELECT pg_catalog.pg_class.relname 
FROM pg_catalog.pg_class JOIN pg_catalog.pg_namespace ON pg_catalog.pg_namespace.oid = pg_catalog.pg_class.relnamespace 
WHERE pg_catalog.pg_class.relname = %(table_name)s AND pg_catalog.pg_class.relkind = ANY (ARRAY[%(param_1)s, %(param_2)s, %(param_3)s, %(param_4)s, %(param_5)s]) AND pg_catalog.pg_table_is_visible(pg_catalog.pg_class.oid) AND pg_catalog.pg_namespace.nspname != %(nspname_1)s
[2025-11-03 20:14:13] [INFO] [sqlalchemy.engine.Engine] [base.py:1846:_execute_context] [cached since 0.008824s ago] {'table_name': 'kline', 'param_1': 'r', 'param_2': 'p', 'param_3': 'f', 'param_4': 'v', 'param_5': 'm', 'nspname_1': 'pg_catalog'}
[2025-11-03 20:14:13] [INFO] [sqlalchemy.engine.Engine] [base.py:2708:_connection_commit_impl] COMMIT
[2025-11-03 20:18:51] [INFO] [sqlalchemy.engine.Engine] [base.py:1846:_execute_context] select pg_catalog.version()
[2025-11-03 20:18:51] [INFO] [sqlalchemy.engine.Engine] [base.py:1846:_execute_context] [raw sql] {}
[2025-11-03 20:18:51] [INFO] [sqlalchemy.engine.Engine] [base.py:1846:_execute_context] select current_schema()
[2025-11-03 20:18:51] [INFO] [sqlalchemy.engine.Engine] [base.py:1846:_execute_context] [raw sql] {}
[2025-11-03 20:18:51] [INFO] [sqlalchemy.engine.Engine] [base.py:1846:_execute_context] show standard_conforming_strings
[2025-11-03 20:18:51] [INFO] [sqlalchemy.engine.Engine] [base.py:1846:_execute_context] [raw sql] {}
[2025-11-03 20:18:51] [INFO] [sqlalchemy.engine.Engine] [base.py:2702:_connection_begin_impl] BEGIN (implicit)
[2025-11-03 20:18:51] [INFO] [sqlalchemy.engine.Engine] [base.py:1846:_execute_context] SELECT pg_catalog.pg_class.relname 
FROM pg_catalog.pg_class JOIN pg_catalog.pg_namespace ON pg_catalog.pg_namespace.oid = pg_catalog.pg_class.relnamespace 
WHERE pg_catalog.pg_class.relname = %(table_name)s AND pg_catalog.pg_class.relkind = ANY (ARRAY[%(param_1)s, %(param_2)s, %(param_3)s, %(param_4)s, %(param_5)s]) AND pg_catalog.pg_table_is_visible(pg_catalog.pg_class.oid) AND pg_catalog.pg_namespace.nspname != %(nspname_1)s
[2025-11-03 20:18:51] [INFO] [sqlalchemy.engine.Engine] [base.py:1846:_execute_context] [generated in 0.00029s] {'table_name': 'stock', 'param_1': 'r', 'param_2': 'p', 'param_3': 'f', 'param_4': 'v', 'param_5': 'm', 'nspname_1': 'pg_catalog'}
[2025-11-03 20:18:51] [INFO] [sqlalchemy.engine.Engine] [base.py:1846:_execute_context] SELECT pg_catalog.pg_class.relname 
FROM pg_catalog.pg_class JOIN pg_catalog.pg_namespace ON pg_catalog.pg_namespace.oid = pg_catalog.pg_class.relnamespace 
WHERE pg_catalog.pg_class.relname = %(table_name)s AND pg_catalog.pg_class.relkind = ANY (ARRAY[%(param_1)s, %(param_2)s, %(param_3)s, %(param_4)s, %(param_5)s]) AND pg_catalog.pg_table_is_visible(pg_catalog.pg_class.oid) AND pg_catalog.pg_namespace.nspname != %(nspname_1)s
[2025-11-03 20:18:51] [INFO] [sqlalchemy.engine.Engine] [base.py:1846:_execute_context] [cached since 0.003672s ago] {'table_name': 'kline', 'param_1': 'r', 'param_2': 'p', 'param_3': 'f', 'param_4': 'v', 'param_5': 'm', 'nspname_1': 'pg_catalog'}
[2025-11-03 20:18:51] [INFO] [sqlalchemy.engine.Engine] [base.py:2708:_connection_commit_impl] COMMIT
[2025-11-03 20:19:14] [INFO] [root] [clean.py:205:clean] 清洗完成，生成文件 pg_import_stock.csv
[2025-11-03 20:19:14] [INFO] [root] [clean.py:239:clean] K线数据清洗完成，生成文件 pg_import_kline.csv
[2025-11-03 23:41:23] [INFO] [sqlalchemy.engine.Engine] [base.py:1846:_execute_context] select pg_catalog.version()
[2025-11-03 23:41:23] [INFO] [sqlalchemy.engine.Engine] [base.py:1846:_execute_context] [raw sql] {}
[2025-11-03 23:41:23] [INFO] [sqlalchemy.engine.Engine] [base.py:1846:_execute_context] select current_schema()
[2025-11-03 23:41:23] [INFO] [sqlalchemy.engine.Engine] [base.py:1846:_execute_context] [raw sql] {}
[2025-11-03 23:41:23] [INFO] [sqlalchemy.engine.Engine] [base.py:1846:_execute_context] show standard_conforming_strings
[2025-11-03 23:41:23] [INFO] [sqlalchemy.engine.Engine] [base.py:1846:_execute_context] [raw sql] {}
[2025-11-03 23:41:23] [INFO] [sqlalchemy.engine.Engine] [base.py:2702:_connection_begin_impl] BEGIN (implicit)
[2025-11-03 23:41:23] [INFO] [sqlalchemy.engine.Engine] [base.py:1846:_execute_context] SELECT pg_catalog.pg_class.relname 
FROM pg_catalog.pg_class JOIN pg_catalog.pg_namespace ON pg_catalog.pg_namespace.oid = pg_catalog.pg_class.relnamespace 
WHERE pg_catalog.pg_class.relname = %(table_name)s AND pg_catalog.pg_class.relkind = ANY (ARRAY[%(param_1)s, %(param_2)s, %(param_3)s, %(param_4)s, %(param_5)s]) AND pg_catalog.pg_table_is_visible(pg_catalog.pg_class.oid) AND pg_catalog.pg_namespace.nspname != %(nspname_1)s
[2025-11-03 23:41:23] [INFO] [sqlalchemy.engine.Engine] [base.py:1846:_execute_context] [generated in 0.00033s] {'table_name': 'stock', 'param_1': 'r', 'param_2': 'p', 'param_3': 'f', 'param_4': 'v', 'param_5': 'm', 'nspname_1': 'pg_catalog'}
[2025-11-03 23:41:23] [INFO] [sqlalchemy.engine.Engine] [base.py:1846:_execute_context] SELECT pg_catalog.pg_class.relname 
FROM pg_catalog.pg_class JOIN pg_catalog.pg_namespace ON pg_catalog.pg_namespace.oid = pg_catalog.pg_class.relnamespace 
WHERE pg_catalog.pg_class.relname = %(table_name)s AND pg_catalog.pg_class.relkind = ANY (ARRAY[%(param_1)s, %(param_2)s, %(param_3)s, %(param_4)s, %(param_5)s]) AND pg_catalog.pg_table_is_visible(pg_catalog.pg_class.oid) AND pg_catalog.pg_namespace.nspname != %(nspname_1)s
[2025-11-03 23:41:23] [INFO] [sqlalchemy.engine.Engine] [base.py:1846:_execute_context] [cached since 0.008427s ago] {'table_name': 'kline', 'param_1': 'r', 'param_2': 'p', 'param_3': 'f', 'param_4': 'v', 'param_5': 'm', 'nspname_1': 'pg_catalog'}
[2025-11-03 23:41:23] [INFO] [sqlalchemy.engine.Engine] [base.py:2708:_connection_commit_impl] COMMIT
[2025-11-03 23:43:08] [INFO] [sqlalchemy.engine.Engine] [base.py:1846:_execute_context] select pg_catalog.version()
[2025-11-03 23:43:08] [INFO] [sqlalchemy.engine.Engine] [base.py:1846:_execute_context] [raw sql] {}
[2025-11-03 23:43:08] [INFO] [sqlalchemy.engine.Engine] [base.py:1846:_execute_context] select current_schema()
[2025-11-03 23:43:08] [INFO] [sqlalchemy.engine.Engine] [base.py:1846:_execute_context] [raw sql] {}
[2025-11-03 23:43:08] [INFO] [sqlalchemy.engine.Engine] [base.py:1846:_execute_context] show standard_conforming_strings
[2025-11-03 23:43:08] [INFO] [sqlalchemy.engine.Engine] [base.py:1846:_execute_context] [raw sql] {}
[2025-11-03 23:43:08] [INFO] [sqlalchemy.engine.Engine] [base.py:2702:_connection_begin_impl] BEGIN (implicit)
[2025-11-03 23:43:08] [INFO] [sqlalchemy.engine.Engine] [base.py:1846:_execute_context] SELECT pg_catalog.pg_class.relname 
FROM pg_catalog.pg_class JOIN pg_catalog.pg_namespace ON pg_catalog.pg_namespace.oid = pg_catalog.pg_class.relnamespace 
WHERE pg_catalog.pg_class.relname = %(table_name)s AND pg_catalog.pg_class.relkind = ANY (ARRAY[%(param_1)s, %(param_2)s, %(param_3)s, %(param_4)s, %(param_5)s]) AND pg_catalog.pg_table_is_visible(pg_catalog.pg_class.oid) AND pg_catalog.pg_namespace.nspname != %(nspname_1)s
[2025-11-03 23:43:08] [INFO] [sqlalchemy.engine.Engine] [base.py:1846:_execute_context] [generated in 0.00031s] {'table_name': 'stock', 'param_1': 'r', 'param_2': 'p', 'param_3': 'f', 'param_4': 'v', 'param_5': 'm', 'nspname_1': 'pg_catalog'}
[2025-11-03 23:43:08] [INFO] [sqlalchemy.engine.Engine] [base.py:1846:_execute_context] SELECT pg_catalog.pg_class.relname 
FROM pg_catalog.pg_class JOIN pg_catalog.pg_namespace ON pg_catalog.pg_namespace.oid = pg_catalog.pg_class.relnamespace 
WHERE pg_catalog.pg_class.relname = %(table_name)s AND pg_catalog.pg_class.relkind = ANY (ARRAY[%(param_1)s, %(param_2)s, %(param_3)s, %(param_4)s, %(param_5)s]) AND pg_catalog.pg_table_is_visible(pg_catalog.pg_class.oid) AND pg_catalog.pg_namespace.nspname != %(nspname_1)s
[2025-11-03 23:43:08] [INFO] [sqlalchemy.engine.Engine] [base.py:1846:_execute_context] [cached since 0.003877s ago] {'table_name': 'kline', 'param_1': 'r', 'param_2': 'p', 'param_3': 'f', 'param_4': 'v', 'param_5': 'm', 'nspname_1': 'pg_catalog'}
[2025-11-03 23:43:08] [INFO] [sqlalchemy.engine.Engine] [base.py:2708:_connection_commit_impl] COMMIT
[2025-11-03 23:43:34] [INFO] [root] [clean.py:211:clean] 清洗完成，生成文件 pg_import_stock.csv
[2025-11-03 23:43:34] [INFO] [root] [clean.py:245:clean] K线数据清洗完成，生成文件 pg_import_kline.csv
